2022-12-21 11:48:52.036  INFO 34848 --- [main] c.c.c.ConfigServicePropertySourceLocator : Fetching config from server at : http://localhost:8888
2022-12-21 11:48:54.592  INFO 34848 --- [main] c.c.c.ConfigServicePropertySourceLocator : Located environment: name=email-service, profiles=[default], label=null, version=71c071bf24c9d46b016f4d99a7cb4fbaa79dc99e, state=null
2022-12-21 11:48:54.592  INFO 34848 --- [main] b.c.PropertySourceBootstrapConfiguration : Located property source: [BootstrapPropertySource {name='bootstrapProperties-configClient'}, BootstrapPropertySource {name='bootstrapProperties-https://github.com/ShubhamTiwari007/EaseMyStayConfig.git/email-service.properties'}]
2022-12-21 11:48:54.605  INFO 34848 --- [main] c.s.e.EmailServiceApplication            : No active profile set, falling back to 1 default profile: "default"
2022-12-21 11:48:54.615  INFO 34848 --- [main] o.s.c.c.c.ConfigServerConfigDataLoader   : Fetching config from server at : http://localhost:8888
2022-12-21 11:48:54.615  INFO 34848 --- [main] o.s.c.c.c.ConfigServerConfigDataLoader   : Located environment: name=email-service, profiles=[default], label=null, version=71c071bf24c9d46b016f4d99a7cb4fbaa79dc99e, state=null
2022-12-21 11:48:55.266  INFO 34848 --- [main] o.s.cloud.context.scope.GenericScope     : BeanFactory id=7f46e6e9-5d8c-3c38-abdb-37015e83b6a4
2022-12-21 11:48:55.467  INFO 34848 --- [main] o.s.b.w.embedded.tomcat.TomcatWebServer  : Tomcat initialized with port(s): 9006 (http)
2022-12-21 11:48:55.474  INFO 34848 --- [main] o.apache.catalina.core.StandardService   : Starting service [Tomcat]
2022-12-21 11:48:55.474  INFO 34848 --- [main] org.apache.catalina.core.StandardEngine  : Starting Servlet engine: [Apache Tomcat/9.0.68]
2022-12-21 11:48:55.555  INFO 34848 --- [main] o.a.c.c.C.[Tomcat].[localhost].[/]       : Initializing Spring embedded WebApplicationContext
2022-12-21 11:48:55.555  INFO 34848 --- [main] w.s.c.ServletWebServerApplicationContext : Root WebApplicationContext: initialization completed in 940 ms
2022-12-21 11:48:56.783  INFO 34848 --- [main] o.s.b.a.e.web.EndpointLinksResolver      : Exposing 1 endpoint(s) beneath base path '/actuator'
2022-12-21 11:48:56.870  INFO 34848 --- [main] o.s.b.w.embedded.tomcat.TomcatWebServer  : Tomcat started on port(s): 9006 (http) with context path ''
2022-12-21 11:48:56.878  INFO 34848 --- [main] o.s.a.r.c.CachingConnectionFactory       : Attempting to connect to: [localhost:5672]
2022-12-21 11:48:56.929  INFO 34848 --- [main] o.s.a.r.c.CachingConnectionFactory       : Created new connection: rabbitConnectionFactory#1ae924f1:0/SimpleConnection@78128dd0 [delegate=amqp://guest@127.0.0.1:5672/, localPort= 43614]
2022-12-21 11:48:56.935  INFO 34848 --- [main] o.s.amqp.rabbit.core.RabbitAdmin         : Auto-declaring a non-durable, auto-delete, or exclusive Queue (queue_to_get_emailer) durable:false, auto-delete:false, exclusive:false. It will be redeclared if the broker stops and is restarted while the connection factory is alive, but all messages will be lost.
2022-12-21 11:48:56.935  INFO 34848 --- [main] o.s.amqp.rabbit.core.RabbitAdmin         : Auto-declaring a non-durable, auto-delete, or exclusive Queue (queue_to_get_emailer_success) durable:false, auto-delete:false, exclusive:false. It will be redeclared if the broker stops and is restarted while the connection factory is alive, but all messages will be lost.
2022-12-21 11:48:56.935  INFO 34848 --- [main] o.s.amqp.rabbit.core.RabbitAdmin         : Auto-declaring a non-durable, auto-delete, or exclusive Queue (queue_to_get_emailer_reset) durable:false, auto-delete:false, exclusive:false. It will be redeclared if the broker stops and is restarted while the connection factory is alive, but all messages will be lost.
2022-12-21 11:48:56.935  INFO 34848 --- [main] o.s.amqp.rabbit.core.RabbitAdmin         : Auto-declaring a non-durable, auto-delete, or exclusive Queue (queue_to_get_emailer_reset_success) durable:false, auto-delete:false, exclusive:false. It will be redeclared if the broker stops and is restarted while the connection factory is alive, but all messages will be lost.
2022-12-21 11:48:56.935  INFO 34848 --- [main] o.s.amqp.rabbit.core.RabbitAdmin         : Auto-declaring a non-durable, auto-delete, or exclusive Queue (queue_to_get_booking) durable:false, auto-delete:false, exclusive:false. It will be redeclared if the broker stops and is restarted while the connection factory is alive, but all messages will be lost.
2022-12-21 11:48:56.935  INFO 34848 --- [main] o.s.amqp.rabbit.core.RabbitAdmin         : Auto-declaring a non-durable, auto-delete, or exclusive Queue (queue_to_get_cancellation) durable:false, auto-delete:false, exclusive:false. It will be redeclared if the broker stops and is restarted while the connection factory is alive, but all messages will be lost.
2022-12-21 11:48:56.935  INFO 34848 --- [main] o.s.amqp.rabbit.core.RabbitAdmin         : Auto-declaring a non-durable, auto-delete, or exclusive Queue (queue_to_get_new_hotel) durable:false, auto-delete:false, exclusive:false. It will be redeclared if the broker stops and is restarted while the connection factory is alive, but all messages will be lost.
2022-12-21 11:48:56.935  INFO 34848 --- [main] o.s.amqp.rabbit.core.RabbitAdmin         : Auto-declaring a non-durable, auto-delete, or exclusive Queue (queue_to_get_update_hotel) durable:false, auto-delete:false, exclusive:false. It will be redeclared if the broker stops and is restarted while the connection factory is alive, but all messages will be lost.
2022-12-21 11:48:56.936  INFO 34848 --- [main] o.s.amqp.rabbit.core.RabbitAdmin         : Auto-declaring a non-durable, auto-delete, or exclusive Queue (queue_to_get_delete_hotel) durable:false, auto-delete:false, exclusive:false. It will be redeclared if the broker stops and is restarted while the connection factory is alive, but all messages will be lost.
2022-12-21 11:48:57.097  INFO 34848 --- [main] c.s.e.EmailServiceApplication            : Started EmailServiceApplication in 7.31 seconds (JVM running for 7.676)
2022-12-21 11:51:08.911  INFO 34848 --- [org.springframework.amqp.rabbit.RabbitListenerEndpointContainer#1-1] c.s.e.service.EmailServiceImpl           : From EmailServiceImpl--> In welcome mail method: email sent successfully...
2022-12-21 12:11:26.078  INFO 34848 --- [org.springframework.amqp.rabbit.RabbitListenerEndpointContainer#0-2] o.s.a.r.l.SimpleMessageListenerContainer : Waiting for workers to finish.
2022-12-21 12:11:26.079  INFO 34848 --- [org.springframework.amqp.rabbit.RabbitListenerEndpointContainer#1-2] o.s.a.r.l.SimpleMessageListenerContainer : Waiting for workers to finish.
2022-12-21 12:11:26.079  INFO 34848 --- [org.springframework.amqp.rabbit.RabbitListenerEndpointContainer#2-2] o.s.a.r.l.SimpleMessageListenerContainer : Waiting for workers to finish.
2022-12-21 12:11:26.080  INFO 34848 --- [org.springframework.amqp.rabbit.RabbitListenerEndpointContainer#3-2] o.s.a.r.l.SimpleMessageListenerContainer : Waiting for workers to finish.
2022-12-21 12:11:26.081  INFO 34848 --- [org.springframework.amqp.rabbit.RabbitListenerEndpointContainer#4-2] o.s.a.r.l.SimpleMessageListenerContainer : Waiting for workers to finish.
2022-12-21 12:11:26.082  INFO 34848 --- [org.springframework.amqp.rabbit.RabbitListenerEndpointContainer#5-2] o.s.a.r.l.SimpleMessageListenerContainer : Waiting for workers to finish.
2022-12-21 12:11:26.083  INFO 34848 --- [org.springframework.amqp.rabbit.RabbitListenerEndpointContainer#6-2] o.s.a.r.l.SimpleMessageListenerContainer : Waiting for workers to finish.
2022-12-21 12:11:26.083  INFO 34848 --- [org.springframework.amqp.rabbit.RabbitListenerEndpointContainer#7-2] o.s.a.r.l.SimpleMessageListenerContainer : Waiting for workers to finish.
2022-12-21 12:11:26.084  INFO 34848 --- [org.springframework.amqp.rabbit.RabbitListenerEndpointContainer#8-2] o.s.a.r.l.SimpleMessageListenerContainer : Waiting for workers to finish.
2022-12-21 12:11:26.158  INFO 34848 --- [org.springframework.amqp.rabbit.RabbitListenerEndpointContainer#0-2] o.s.a.r.l.SimpleMessageListenerContainer : Successfully waited for workers to finish.
2022-12-21 12:11:26.189  INFO 34848 --- [org.springframework.amqp.rabbit.RabbitListenerEndpointContainer#2-2] o.s.a.r.l.SimpleMessageListenerContainer : Successfully waited for workers to finish.
2022-12-21 12:11:26.189  INFO 34848 --- [org.springframework.amqp.rabbit.RabbitListenerEndpointContainer#5-2] o.s.a.r.l.SimpleMessageListenerContainer : Successfully waited for workers to finish.
2022-12-21 12:11:26.189  INFO 34848 --- [org.springframework.amqp.rabbit.RabbitListenerEndpointContainer#4-2] o.s.a.r.l.SimpleMessageListenerContainer : Successfully waited for workers to finish.
2022-12-21 12:11:26.189  INFO 34848 --- [org.springframework.amqp.rabbit.RabbitListenerEndpointContainer#3-2] o.s.a.r.l.SimpleMessageListenerContainer : Successfully waited for workers to finish.
2022-12-21 12:11:26.208  INFO 34848 --- [org.springframework.amqp.rabbit.RabbitListenerEndpointContainer#6-2] o.s.a.r.l.SimpleMessageListenerContainer : Successfully waited for workers to finish.
2022-12-21 12:11:26.224  INFO 34848 --- [org.springframework.amqp.rabbit.RabbitListenerEndpointContainer#8-2] o.s.a.r.l.SimpleMessageListenerContainer : Successfully waited for workers to finish.
2022-12-21 12:11:26.239  INFO 34848 --- [org.springframework.amqp.rabbit.RabbitListenerEndpointContainer#7-2] o.s.a.r.l.SimpleMessageListenerContainer : Successfully waited for workers to finish.
2022-12-21 12:11:27.055  INFO 34848 --- [org.springframework.amqp.rabbit.RabbitListenerEndpointContainer#1-2] o.s.a.r.l.SimpleMessageListenerContainer : Successfully waited for workers to finish.
2022-12-21 12:11:27.067  INFO 34848 --- [SpringApplicationShutdownHook] o.s.a.r.l.SimpleMessageListenerContainer : Shutdown ignored - container is already stopped
2022-12-21 12:11:27.067  INFO 34848 --- [SpringApplicationShutdownHook] o.s.a.r.l.SimpleMessageListenerContainer : Shutdown ignored - container is already stopped
2022-12-21 12:11:27.068  INFO 34848 --- [SpringApplicationShutdownHook] o.s.a.r.l.SimpleMessageListenerContainer : Shutdown ignored - container is already stopped
2022-12-21 12:11:27.068  INFO 34848 --- [SpringApplicationShutdownHook] o.s.a.r.l.SimpleMessageListenerContainer : Shutdown ignored - container is already stopped
2022-12-21 12:11:27.068  INFO 34848 --- [SpringApplicationShutdownHook] o.s.a.r.l.SimpleMessageListenerContainer : Shutdown ignored - container is already stopped
2022-12-21 12:11:27.068  INFO 34848 --- [SpringApplicationShutdownHook] o.s.a.r.l.SimpleMessageListenerContainer : Shutdown ignored - container is already stopped
2022-12-21 12:11:27.068  INFO 34848 --- [SpringApplicationShutdownHook] o.s.a.r.l.SimpleMessageListenerContainer : Shutdown ignored - container is already stopped
2022-12-21 12:11:27.068  INFO 34848 --- [SpringApplicationShutdownHook] o.s.a.r.l.SimpleMessageListenerContainer : Shutdown ignored - container is already stopped
2022-12-21 12:11:27.068  INFO 34848 --- [SpringApplicationShutdownHook] o.s.a.r.l.SimpleMessageListenerContainer : Shutdown ignored - container is already stopped
